Using pre-set license
Built from '2021.3/staging' branch; Version is '2021.3.1f1 (3b70a0754835) revision 3895456'; Using compiler version '192829333'; Build Type 'Release'
OS: 'Windows 10  (10.0.19044) 64bit Professional' Language: 'ru' Physical Memory: 8100 MB
BatchMode: 1, IsHumanControllingUs: 0, StartBugReporterOnCrash: 0, Is64bit: 1, IsPro: 1

COMMAND LINE ARGUMENTS:
D:\Unity\2021.3.1f1\Editor\Unity.exe
-adb2
-batchMode
-noUpm
-name
AssetImportWorker5
-projectPath
D:/UnityPortfolio/Rat_Hero Repository/RatHero/Rat Hero
-logFile
Logs/AssetImportWorker5.log
-srvPort
63063
Successfully changed project path to: D:/UnityPortfolio/Rat_Hero Repository/RatHero/Rat Hero
D:/UnityPortfolio/Rat_Hero Repository/RatHero/Rat Hero
[UnityMemory] Configuration Parameters - Can be set up in boot.config
    "memorysetup-bucket-allocator-granularity=16"
    "memorysetup-bucket-allocator-bucket-count=8"
    "memorysetup-bucket-allocator-block-size=33554432"
    "memorysetup-bucket-allocator-block-count=8"
    "memorysetup-main-allocator-block-size=16777216"
    "memorysetup-thread-allocator-block-size=16777216"
    "memorysetup-gfx-main-allocator-block-size=16777216"
    "memorysetup-gfx-thread-allocator-block-size=16777216"
    "memorysetup-cache-allocator-block-size=4194304"
    "memorysetup-typetree-allocator-block-size=2097152"
    "memorysetup-profiler-bucket-allocator-granularity=16"
    "memorysetup-profiler-bucket-allocator-bucket-count=8"
    "memorysetup-profiler-bucket-allocator-block-size=33554432"
    "memorysetup-profiler-bucket-allocator-block-count=8"
    "memorysetup-profiler-allocator-block-size=16777216"
    "memorysetup-profiler-editor-allocator-block-size=1048576"
    "memorysetup-temp-allocator-size-main=16777216"
    "memorysetup-job-temp-allocator-block-size=2097152"
    "memorysetup-job-temp-allocator-block-size-background=1048576"
    "memorysetup-job-temp-allocator-reduction-small-platforms=262144"
    "memorysetup-temp-allocator-size-background-worker=32768"
    "memorysetup-temp-allocator-size-job-worker=262144"
    "memorysetup-temp-allocator-size-preload-manager=33554432"
    "memorysetup-temp-allocator-size-nav-mesh-worker=65536"
    "memorysetup-temp-allocator-size-audio-worker=65536"
    "memorysetup-temp-allocator-size-cloud-worker=32768"
    "memorysetup-temp-allocator-size-gi-baking-worker=262144"
    "memorysetup-temp-allocator-size-gfx=262144"
Refreshing native plugins compatible for Editor in 327.04 ms, found 3 plugins.
Preloading 0 native plugins for Editor in 0.00 ms.
Initialize engine version: 2021.3.1f1 (3b70a0754835)
[Subsystems] Discovering subsystems at path D:/Unity/2021.3.1f1/Editor/Data/Resources/UnitySubsystems
[Subsystems] Discovering subsystems at path D:/UnityPortfolio/Rat_Hero Repository/RatHero/Rat Hero/Assets
GfxDevice: creating device client; threaded=0; jobified=0
Direct3D:
    Version:  Direct3D 11.0 [level 11.1]
    Renderer: NVIDIA GeForce MX150 (ID=0x1d10)
    Vendor:   NVIDIA
    VRAM:     1983 MB
    Driver:   30.0.14.7212
Initialize mono
Mono path[0] = 'D:/Unity/2021.3.1f1/Editor/Data/Managed'
Mono path[1] = 'D:/Unity/2021.3.1f1/Editor/Data/MonoBleedingEdge/lib/mono/unityjit-win32'
Mono config path = 'D:/Unity/2021.3.1f1/Editor/Data/MonoBleedingEdge/etc'
Using monoOptions --debugger-agent=transport=dt_socket,embedding=1,server=y,suspend=n,address=127.0.0.1:56816
Begin MonoManager ReloadAssembly
Registering precompiled unity dll's ...
Register platform support module: D:/Unity/2021.3.1f1/Editor/Data/PlaybackEngines/WebGLSupport/UnityEditor.WebGL.Extensions.dll
Register platform support module: D:/Unity/2021.3.1f1/Editor/Data/PlaybackEngines/AndroidPlayer/UnityEditor.Android.Extensions.dll
Register platform support module: D:/Unity/2021.3.1f1/Editor/Data/PlaybackEngines/iOSSupport/UnityEditor.iOS.Extensions.dll
Register platform support module: D:/Unity/2021.3.1f1/Editor/Data/PlaybackEngines/WindowsStandaloneSupport/UnityEditor.WindowsStandalone.Extensions.dll
Register platform support module: D:/Unity/2021.3.1f1/Editor/Data/PlaybackEngines/MetroSupport/UnityEditor.UWP.Extensions.dll
Registered in 0.011926 seconds.
Native extension for UWP target not found
Native extension for WindowsStandalone target not found
[usbmuxd] Start listen thread
[usbmuxd] Listen thread started
Native extension for iOS target not found
Native extension for Android target not found
Native extension for WebGL target not found
Refreshing native plugins compatible for Editor in 315.53 ms, found 3 plugins.
Preloading 0 native plugins for Editor in 0.00 ms.
Mono: successfully reloaded assembly
- Completed reload, in  2.056 seconds
Domain Reload Profiling:
	ReloadAssembly (2057ms)
		BeginReloadAssembly (238ms)
			ExecutionOrderSort (0ms)
			DisableScriptedObjects (0ms)
			BackupInstance (0ms)
			ReleaseScriptingObjects (0ms)
			CreateAndSetChildDomain (2ms)
		EndReloadAssembly (1522ms)
			LoadAssemblies (239ms)
			RebuildTransferFunctionScriptingTraits (0ms)
			SetupTypeCache (326ms)
			ReleaseScriptCaches (0ms)
			RebuildScriptCaches (76ms)
			SetupLoadedEditorAssemblies (972ms)
				LogAssemblyErrors (0ms)
				InitializePlatformSupportModulesInManaged (181ms)
				SetLoadedEditorAssemblies (0ms)
				RefreshPlugins (316ms)
				BeforeProcessingInitializeOnLoad (3ms)
				ProcessInitializeOnLoadAttributes (314ms)
				ProcessInitializeOnLoadMethodAttributes (158ms)
				AfterProcessingInitializeOnLoad (0ms)
				EditorAssembliesLoaded (0ms)
			ExecutionOrderSort2 (0ms)
			AwakeInstancesAfterBackupRestoration (0ms)
Platform modules already initialized, skipping
Registering precompiled user dll's ...
Registered in 0.013340 seconds.
Android Extension - Scanning For ADB Devices 6182 ms
Begin MonoManager ReloadAssembly
Symbol file LoadedFromMemory doesn't match image D:\UnityPortfolio\Rat_Hero Repository\RatHero\Rat Hero\Library\PackageCache\com.unity.visualscripting@1.7.6\Editor\VisualScripting.Core\Dependencies\YamlDotNet\Unity.VisualScripting.YamlDotNet.dll
Symbol file LoadedFromMemory is not a mono symbol file
Symbol file LoadedFromMemory doesn't match image D:\UnityPortfolio\Rat_Hero Repository\RatHero\Rat Hero\Library\PackageCache\com.unity.visualscripting@1.7.6\Editor\VisualScripting.Core\Dependencies\DotNetZip\Unity.VisualScripting.IonicZip.dll
Native extension for UWP target not found
Native extension for WindowsStandalone target not found
Native extension for iOS target not found
Native extension for Android target not found
Native extension for WebGL target not found
Refreshing native plugins compatible for Editor in 1.62 ms, found 3 plugins.
Preloading 0 native plugins for Editor in 0.00 ms.
System.Exception: Error! Visual Scripting: couldn't find visual scripting package
  at Unity.VisualScripting.PackageVersionUtility.get_version () [0x00043] in D:\UnityPortfolio\Rat_Hero Repository\RatHero\Rat Hero\Library\PackageCache\com.unity.visualscripting@1.7.6\Editor\VisualScripting.Core\Utilities\PackageVersionUtility.cs:31 
  at Unity.VisualScripting.BoltCoreManifest.get_version () [0x00000] in D:\UnityPortfolio\Rat_Hero Repository\RatHero\Rat Hero\Library\PackageCache\com.unity.visualscripting@1.7.6\Editor\VisualScripting.Core\Plugin\BoltCoreManifest.cs:11 
  at Unity.VisualScripting.PluginManifest.get_currentVersion () [0x00000] in D:\UnityPortfolio\Rat_Hero Repository\RatHero\Rat Hero\Library\PackageCache\com.unity.visualscripting@1.7.6\Editor\VisualScripting.Core\Plugins\PluginManifest.cs:33 
  at Unity.VisualScripting.PluginManifest.get_versionMismatch () [0x00000] in D:\UnityPortfolio\Rat_Hero Repository\RatHero\Rat Hero\Library\PackageCache\com.unity.visualscripting@1.7.6\Editor\VisualScripting.Core\Plugins\PluginManifest.cs:48 
  at Unity.VisualScripting.PluginContainer.Initialize () [0x00525] in D:\UnityPortfolio\Rat_Hero Repository\RatHero\Rat Hero\Library\PackageCache\com.unity.visualscripting@1.7.6\Editor\VisualScripting.Core\Plugins\PluginContainer.cs:208 
  at Unity.VisualScripting.PluginContainer.InitializeOnLoad () [0x00009] in D:\UnityPortfolio\Rat_Hero Repository\RatHero\Rat Hero\Library\PackageCache\com.unity.visualscripting@1.7.6\Editor\VisualScripting.Core\Plugins\PluginContainer.cs:32 
  at Unity.VisualScripting.VSUsageUtility.DoInitializeOnLoadCalls () [0x00034] in D:\UnityPortfolio\Rat_Hero Repository\RatHero\Rat Hero\Library\PackageCache\com.unity.visualscripting@1.7.6\Editor\VisualScripting.Core\Utilities\VSUsageUtility.cs:76 
  at Unity.VisualScripting.VSUsageUtility.set_isVisualScriptingUsed (System.Boolean value) [0x0002c] in D:\UnityPortfolio\Rat_Hero Repository\RatHero\Rat Hero\Library\PackageCache\com.unity.visualscripting@1.7.6\Editor\VisualScripting.Core\Utilities\VSUsageUtility.cs:114 
  at Unity.VisualScripting.VSUsageUtility.CheckAndSetIsVisualScriptingUsed () [0x00032] in D:\UnityPortfolio\Rat_Hero Repository\RatHero\Rat Hero\Library\PackageCache\com.unity.visualscripting@1.7.6\Editor\VisualScripting.Core\Utilities\VSUsageUtility.cs:48 
  at Unity.VisualScripting.VSUsageUtility..cctor () [0x00000] in D:\UnityPortfolio\Rat_Hero Repository\RatHero\Rat Hero\Library\PackageCache\com.unity.visualscripting@1.7.6\Editor\VisualScripting.Core\Utilities\VSUsageUtility.cs:22 
UnityEngine.StackTraceUtility:ExtractStackTrace ()
UnityEngine.DebugLogHandler:LogFormat (UnityEngine.LogType,UnityEngine.Object,string,object[])
UnityEngine.Logger:Log (UnityEngine.LogType,object)
UnityEngine.Debug:LogError (object)
UnityEditor.EditorAssemblies:ProcessInitializeOnLoadAttributes (System.Type[])

Mono: successfully reloaded assembly
- Completed reload, in 11.467 seconds
Domain Reload Profiling:
	ReloadAssembly (11470ms)
		BeginReloadAssembly (343ms)
			ExecutionOrderSort (0ms)
			DisableScriptedObjects (19ms)
			BackupInstance (0ms)
			ReleaseScriptingObjects (0ms)
			CreateAndSetChildDomain (55ms)
		EndReloadAssembly (10740ms)
			LoadAssemblies (1826ms)
			RebuildTransferFunctionScriptingTraits (0ms)
			SetupTypeCache (863ms)
			ReleaseScriptCaches (1ms)
			RebuildScriptCaches (152ms)
			SetupLoadedEditorAssemblies (7828ms)
				LogAssemblyErrors (0ms)
				InitializePlatformSupportModulesInManaged (72ms)
				SetLoadedEditorAssemblies (1ms)
				RefreshPlugins (2ms)
				BeforeProcessingInitializeOnLoad (228ms)
				ProcessInitializeOnLoadAttributes (7383ms)
				ProcessInitializeOnLoadMethodAttributes (130ms)
				AfterProcessingInitializeOnLoad (10ms)
				EditorAssembliesLoaded (0ms)
			ExecutionOrderSort2 (0ms)
			AwakeInstancesAfterBackupRestoration (19ms)
Platform modules already initialized, skipping
========================================================================
Worker process is ready to serve import requests
Launched and connected shader compiler UnityShaderCompiler.exe after 0.28 seconds
Refreshing native plugins compatible for Editor in 2.95 ms, found 3 plugins.
Preloading 0 native plugins for Editor in 0.00 ms.
Unloading 3940 Unused Serialized files (Serialized files now loaded: 1)
Unloading 21 unused Assets / (56.4 KB). Loaded Objects now: 4461.
Memory consumption went from 168.3 MB to 168.2 MB.
Total: 29.226000 ms (FindLiveObjects: 0.592700 ms CreateObjectMapping: 0.491600 ms MarkObjects: 27.844800 ms  DeleteObjects: 0.294900 ms)

AssetImportParameters requested are different than current active one (requested -> active):
  custom:video-decoder-ogg-theora: a1e56fd34408186e4bbccfd4996cb3dc -> 
  custom:container-muxer-webm: aa71ff27fc2769a1b78a27578f13a17b -> 
  custom:container-demuxer-webm: 4f35f7cbe854078d1ac9338744f61a02 -> 
  custom:video-encoder-webm-vp8: eb34c28f22e8b96e1ab97ce403110664 -> 
  custom:audio-encoder-webm-vorbis: bf7c407c2cedff20999df2af8eb42d56 -> 
  custom:framework-win-MediaFoundation: 216162199b28c13a410421893ffa2e32 -> 
  custom:container-demuxer-ogg: 62fdf1f143b41e24485cea50d1cbac27 -> 
  custom:video-decoder-webm-vp8: 9c59270c3fd7afecdb556c50c9e8de78 -> 
  custom:audio-decoder-ogg-vorbis: bf7c407c2cedff20999df2af8eb42d56 -> 
========================================================================
Received Import Request.
  Time since last request: 69058.244504 seconds.
  path: Assets/Graphics/Mesh/Enemy/Hedgehog/Hedgehog2ndForm.obj
  artifactKey: Guid(f7bdc29123ce49f4d8ea911fc92a9a8e) Importer(815301076,1909f56bfc062723c751e8b465ee728b)
Start importing Assets/Graphics/Mesh/Enemy/Hedgehog/Hedgehog2ndForm.obj using Guid(f7bdc29123ce49f4d8ea911fc92a9a8e) Importer(815301076,1909f56bfc062723c751e8b465ee728b)  -> (artifact id: '239ce7b46a3b84faa59806a4c15eca93') in 0.610863 seconds 
========================================================================
Received Import Request.
  Time since last request: 132.742622 seconds.
  path: Assets/Graphics/Mesh/Enemy/Hedgehog/3333.png
  artifactKey: Guid(1162f17e6ee5c094f9711c59bb5cb515) Importer(815301076,1909f56bfc062723c751e8b465ee728b)
Start importing Assets/Graphics/Mesh/Enemy/Hedgehog/3333.png using Guid(1162f17e6ee5c094f9711c59bb5cb515) Importer(815301076,1909f56bfc062723c751e8b465ee728b)  -> (artifact id: '9a1e92487df599961f27b323f447fba2') in 0.244880 seconds 
========================================================================
Received Import Request.
  Time since last request: 203.666890 seconds.
  path: Assets/Graphics/Mesh/Enemy/Hedgehog/HedgehogShot.png
  artifactKey: Guid(56c384f46a8655844af98b49facc5302) Importer(815301076,1909f56bfc062723c751e8b465ee728b)
Start importing Assets/Graphics/Mesh/Enemy/Hedgehog/HedgehogShot.png using Guid(56c384f46a8655844af98b49facc5302) Importer(815301076,1909f56bfc062723c751e8b465ee728b)  -> (artifact id: 'ac2d1d165d3fe5ce314378d0278c4685') in 0.020809 seconds 
========================================================================
Received Import Request.
  Time since last request: 7.177526 seconds.
  path: Assets/AssetStore/Low_Poly_Mini_Village/Art/Materials/Grass.mat
  artifactKey: Guid(868fa0b6b781f074c9ae2b04e2c53a3d) Importer(815301076,1909f56bfc062723c751e8b465ee728b)
Start importing Assets/AssetStore/Low_Poly_Mini_Village/Art/Materials/Grass.mat using Guid(868fa0b6b781f074c9ae2b04e2c53a3d) Importer(815301076,1909f56bfc062723c751e8b465ee728b)  -> (artifact id: '56cd99f03295ce291bea5fab2ea1a140') in 0.277328 seconds 
========================================================================
Received Import Request.
  Time since last request: 0.000047 seconds.
  path: Assets/AssetStore/EmaceArt - raft on the desert/Meshes/EA04_Env_Cloud_01a.fbx
  artifactKey: Guid(f751a228a8d364c4eb3cf09bca0b2033) Importer(815301076,1909f56bfc062723c751e8b465ee728b)
Start importing Assets/AssetStore/EmaceArt - raft on the desert/Meshes/EA04_Env_Cloud_01a.fbx using Guid(f751a228a8d364c4eb3cf09bca0b2033) Importer(815301076,1909f56bfc062723c751e8b465ee728b)  -> (artifact id: '05dd5b8bb1f5303e657e6886dfd766f1') in 0.248501 seconds 
========================================================================
Received Import Request.
  Time since last request: 0.000053 seconds.
  path: Assets/AssetStore/EmaceArt - raft on the desert/Meshes/EA04_Env_Cloud_Ring_01a.fbx
  artifactKey: Guid(b336bceccf9dcad4aabb8be7f6f3063f) Importer(815301076,1909f56bfc062723c751e8b465ee728b)
Start importing Assets/AssetStore/EmaceArt - raft on the desert/Meshes/EA04_Env_Cloud_Ring_01a.fbx using Guid(b336bceccf9dcad4aabb8be7f6f3063f) Importer(815301076,1909f56bfc062723c751e8b465ee728b)  -> (artifact id: 'e853792e9df68e5870d3d02e513539e3') in 0.163556 seconds 
========================================================================
Received Import Request.
  Time since last request: 0.000062 seconds.
  path: Assets/Graphics/Materials/Buffs/PassiveBuffs/ManaRegenerationBuff/ManaRegenerationBuff.mat
  artifactKey: Guid(8a44c05798cafa449966c36b69c1e07f) Importer(815301076,1909f56bfc062723c751e8b465ee728b)
Start importing Assets/Graphics/Materials/Buffs/PassiveBuffs/ManaRegenerationBuff/ManaRegenerationBuff.mat using Guid(8a44c05798cafa449966c36b69c1e07f) Importer(815301076,1909f56bfc062723c751e8b465ee728b)  -> (artifact id: '3cf626727ac258c3aa3746cf972e3f88') in 0.066302 seconds 
========================================================================
Received Import Request.
  Time since last request: 36.452991 seconds.
  path: Assets/Graphics/Mesh/Enemy/Spider/SpiderShoot.obj
  artifactKey: Guid(cdd763e42248664459bde79e8ab8cbb0) Importer(815301076,1909f56bfc062723c751e8b465ee728b)
Start importing Assets/Graphics/Mesh/Enemy/Spider/SpiderShoot.obj using Guid(cdd763e42248664459bde79e8ab8cbb0) Importer(815301076,1909f56bfc062723c751e8b465ee728b)  -> (artifact id: '666fd323d7c5eda70042178495ab5a97') in 0.210900 seconds 
========================================================================
Received Import Request.
  Time since last request: 0.000051 seconds.
  path: Assets/Graphics/Mesh/Enemy/Spider/SpiderWeb.obj
  artifactKey: Guid(66a535fc6d24358499b0a556bc6705fa) Importer(815301076,1909f56bfc062723c751e8b465ee728b)
Start importing Assets/Graphics/Mesh/Enemy/Spider/SpiderWeb.obj using Guid(66a535fc6d24358499b0a556bc6705fa) Importer(815301076,1909f56bfc062723c751e8b465ee728b)  -> (artifact id: '37ae30d795c4bdcc37adff9bd64db3f9') in 0.077273 seconds 
========================================================================
Received Import Request.
  Time since last request: 2157.250753 seconds.
  path: Assets/Graphics/Mesh/Enemy/FireLizard/FireLizard1.png
  artifactKey: Guid(9a0cc8bab34268e4db5f35fd8dfa825b) Importer(815301076,1909f56bfc062723c751e8b465ee728b)
Start importing Assets/Graphics/Mesh/Enemy/FireLizard/FireLizard1.png using Guid(9a0cc8bab34268e4db5f35fd8dfa825b) Importer(815301076,1909f56bfc062723c751e8b465ee728b)  -> (artifact id: '5975546731d9fd13f73788866d20f082') in 0.036815 seconds 
========================================================================
Received Import Request.
  Time since last request: 0.000139 seconds.
  path: Assets/Graphics/Mesh/Enemy/FireLizard/FireLizard_Attack1.png
  artifactKey: Guid(722f1007a6d7ac949a5d4d5f2337ade3) Importer(815301076,1909f56bfc062723c751e8b465ee728b)
Start importing Assets/Graphics/Mesh/Enemy/FireLizard/FireLizard_Attack1.png using Guid(722f1007a6d7ac949a5d4d5f2337ade3) Importer(815301076,1909f56bfc062723c751e8b465ee728b)  -> (artifact id: '1a77e39e4ebdd12e1520cfaa7e768584') in 0.014579 seconds 
========================================================================
Received Import Request.
  Time since last request: 0.000064 seconds.
  path: Assets/Graphics/Mesh/Enemy/FireLizard/FrostLizard.obj
  artifactKey: Guid(bd889a548a90c274c8b4e57783f3783d) Importer(815301076,1909f56bfc062723c751e8b465ee728b)
Start importing Assets/Graphics/Mesh/Enemy/FireLizard/FrostLizard.obj using Guid(bd889a548a90c274c8b4e57783f3783d) Importer(815301076,1909f56bfc062723c751e8b465ee728b)  -> (artifact id: '1b062a42bf6ef4622caa33d558cfc38c') in 0.074744 seconds 
========================================================================
Received Import Request.
  Time since last request: 0.000061 seconds.
  path: Assets/Graphics/Mesh/Enemy/FireLizard/FireLizard_Attack2.obj
  artifactKey: Guid(b1c28247b5214424b8c0b1cc5a0853b0) Importer(815301076,1909f56bfc062723c751e8b465ee728b)
Start importing Assets/Graphics/Mesh/Enemy/FireLizard/FireLizard_Attack2.obj using Guid(b1c28247b5214424b8c0b1cc5a0853b0) Importer(815301076,1909f56bfc062723c751e8b465ee728b)  -> (artifact id: 'affdfa4dfd8fa3d20d640f7d48f289db') in 0.061011 seconds 
========================================================================
Received Import Request.
  Time since last request: 57.693947 seconds.
  path: Assets/Graphics/Mesh/Enemy/FireLizard/FrostLizard_Attack1.png
  artifactKey: Guid(0ad5ba4bb79d82a44af4f3542d138a15) Importer(815301076,1909f56bfc062723c751e8b465ee728b)
Start importing Assets/Graphics/Mesh/Enemy/FireLizard/FrostLizard_Attack1.png using Guid(0ad5ba4bb79d82a44af4f3542d138a15) Importer(815301076,1909f56bfc062723c751e8b465ee728b)  -> (artifact id: '20899e92414d410f5bbda4927f1b742a') in 0.017170 seconds 
========================================================================
Received Import Request.
  Time since last request: 0.000067 seconds.
  path: Assets/Graphics/Mesh/Enemy/FireLizard/FrostLizard_Attack2.mtl.obj
  artifactKey: Guid(7e6badd91397e264db86abf2b1154373) Importer(815301076,1909f56bfc062723c751e8b465ee728b)
Start importing Assets/Graphics/Mesh/Enemy/FireLizard/FrostLizard_Attack2.mtl.obj using Guid(7e6badd91397e264db86abf2b1154373) Importer(815301076,1909f56bfc062723c751e8b465ee728b)  -> (artifact id: 'f8bdbac10dee2022f4964b2def19a0ed') in 0.063491 seconds 
========================================================================
Received Import Request.
  Time since last request: 10.154972 seconds.
  path: Assets/Graphics/Mesh/Enemy/FireLizard/FireLizard_Attack1.obj
  artifactKey: Guid(20196b1f553a621499c9aca652eafc31) Importer(815301076,1909f56bfc062723c751e8b465ee728b)
Start importing Assets/Graphics/Mesh/Enemy/FireLizard/FireLizard_Attack1.obj using Guid(20196b1f553a621499c9aca652eafc31) Importer(815301076,1909f56bfc062723c751e8b465ee728b)  -> (artifact id: '0fa2e3fdd1e090e3a3491414d1c47a1d') in 0.061036 seconds 
========================================================================
Received Import Request.
  Time since last request: 0.000059 seconds.
  path: Assets/Graphics/Mesh/Enemy/FireLizard/FrostLizard.obj
  artifactKey: Guid(bd889a548a90c274c8b4e57783f3783d) Importer(815301076,1909f56bfc062723c751e8b465ee728b)
Start importing Assets/Graphics/Mesh/Enemy/FireLizard/FrostLizard.obj using Guid(bd889a548a90c274c8b4e57783f3783d) Importer(815301076,1909f56bfc062723c751e8b465ee728b)  -> (artifact id: '7ac54cb56b05f9731da98ab25e814b23') in 0.055466 seconds 
========================================================================
Received Import Request.
  Time since last request: 6.522413 seconds.
  path: Assets/Graphics/Mesh/Enemy/FireLizard/Lizard.png
  artifactKey: Guid(bd90076459855cb4caadb76b81ab0385) Importer(815301076,1909f56bfc062723c751e8b465ee728b)
Start importing Assets/Graphics/Mesh/Enemy/FireLizard/Lizard.png using Guid(bd90076459855cb4caadb76b81ab0385) Importer(815301076,1909f56bfc062723c751e8b465ee728b)  -> (artifact id: 'd05f197e2ef62b2bcd315fde3e74dafb') in 0.014971 seconds 
========================================================================
Received Import Request.
  Time since last request: 387.505384 seconds.
  path: Assets/Graphics/Mesh/Enemy/FireLizard/FireLizardShot.png
  artifactKey: Guid(a09ffde43c8909c40948bd0fa8d67106) Importer(815301076,1909f56bfc062723c751e8b465ee728b)
Start importing Assets/Graphics/Mesh/Enemy/FireLizard/FireLizardShot.png using Guid(a09ffde43c8909c40948bd0fa8d67106) Importer(815301076,1909f56bfc062723c751e8b465ee728b)  -> (artifact id: 'cc5e266640a957f4d9a2dce087ed6ba5') in 0.028351 seconds 
========================================================================
Received Import Request.
  Time since last request: 0.000053 seconds.
  path: Assets/Graphics/Mesh/Enemy/FireLizard/FrostLizardShot.obj
  artifactKey: Guid(18a313e577d9d274dbadccf71a529f1a) Importer(815301076,1909f56bfc062723c751e8b465ee728b)
Start importing Assets/Graphics/Mesh/Enemy/FireLizard/FrostLizardShot.obj using Guid(18a313e577d9d274dbadccf71a529f1a) Importer(815301076,1909f56bfc062723c751e8b465ee728b)  -> (artifact id: 'fe96e5137101a31163ee01d9a4857ad4') in 0.170699 seconds 
========================================================================
Received Import Request.
  Time since last request: 8.961881 seconds.
  path: Assets/Graphics/Mesh/Enemy/FireLizard/FrostLizardShot.obj
  artifactKey: Guid(18a313e577d9d274dbadccf71a529f1a) Importer(815301076,1909f56bfc062723c751e8b465ee728b)
Start importing Assets/Graphics/Mesh/Enemy/FireLizard/FrostLizardShot.obj using Guid(18a313e577d9d274dbadccf71a529f1a) Importer(815301076,1909f56bfc062723c751e8b465ee728b)  -> (artifact id: '59e48618b2f90ea1a8cef0ad3ca50e70') in 0.058839 seconds 
========================================================================
Received Import Request.
  Time since last request: 65.440988 seconds.
  path: Assets/Graphics/Mesh/Enemy/FireLizard/FrostLizard.obj
  artifactKey: Guid(bd889a548a90c274c8b4e57783f3783d) Importer(815301076,1909f56bfc062723c751e8b465ee728b)
Start importing Assets/Graphics/Mesh/Enemy/FireLizard/FrostLizard.obj using Guid(bd889a548a90c274c8b4e57783f3783d) Importer(815301076,1909f56bfc062723c751e8b465ee728b)  -> (artifact id: '2ba98729ad11e5246f08f5f783615d74') in 0.057591 seconds 
========================================================================
Received Import Request.
  Time since last request: 3.550713 seconds.
  path: Assets/Graphics/Mesh/Enemy/FireLizard/FrostLizard.obj
  artifactKey: Guid(bd889a548a90c274c8b4e57783f3783d) Importer(815301076,1909f56bfc062723c751e8b465ee728b)
Start importing Assets/Graphics/Mesh/Enemy/FireLizard/FrostLizard.obj using Guid(bd889a548a90c274c8b4e57783f3783d) Importer(815301076,1909f56bfc062723c751e8b465ee728b)  -> (artifact id: 'd20915a537e2001f80974425f6983155') in 0.051932 seconds 
========================================================================
Received Import Request.
  Time since last request: 2.051230 seconds.
  path: Assets/Graphics/Mesh/Enemy/FireLizard/FrostLizard.obj
  artifactKey: Guid(bd889a548a90c274c8b4e57783f3783d) Importer(815301076,1909f56bfc062723c751e8b465ee728b)
Start importing Assets/Graphics/Mesh/Enemy/FireLizard/FrostLizard.obj using Guid(bd889a548a90c274c8b4e57783f3783d) Importer(815301076,1909f56bfc062723c751e8b465ee728b)  -> (artifact id: '5820bdb6859d752b0e77a872e625389b') in 0.048875 seconds 
========================================================================
Received Import Request.
  Time since last request: 139.552054 seconds.
  path: Assets/Graphics/Mesh/Enemy/Mole/MoleAttack1.obj
  artifactKey: Guid(b7a67e95ce94c154296cf6f815a2256e) Importer(815301076,1909f56bfc062723c751e8b465ee728b)
Start importing Assets/Graphics/Mesh/Enemy/Mole/MoleAttack1.obj using Guid(b7a67e95ce94c154296cf6f815a2256e) Importer(815301076,1909f56bfc062723c751e8b465ee728b)  -> (artifact id: '44df0c9def31f5253beacb66ccc947df') in 0.118859 seconds 
========================================================================
Received Import Request.
  Time since last request: 0.000050 seconds.
  path: Assets/Graphics/Mesh/Enemy/Mole/MoleAttack4.obj
  artifactKey: Guid(dfc22813bd65c184cb5ab48188c335ad) Importer(815301076,1909f56bfc062723c751e8b465ee728b)
Start importing Assets/Graphics/Mesh/Enemy/Mole/MoleAttack4.obj using Guid(dfc22813bd65c184cb5ab48188c335ad) Importer(815301076,1909f56bfc062723c751e8b465ee728b)  -> (artifact id: '71b8ac0e3628360babd101ad95784edb') in 0.097552 seconds 
========================================================================
Received Import Request.
  Time since last request: 0.000055 seconds.
  path: Assets/Graphics/Mesh/Enemy/Mole/MoleAttack3.obj
  artifactKey: Guid(931bc5f7bcb23494db69cccf1e8c74e3) Importer(815301076,1909f56bfc062723c751e8b465ee728b)
Start importing Assets/Graphics/Mesh/Enemy/Mole/MoleAttack3.obj using Guid(931bc5f7bcb23494db69cccf1e8c74e3) Importer(815301076,1909f56bfc062723c751e8b465ee728b)  -> (artifact id: '8b2ad0935730788e7a853d6ff9b33a57') in 0.052379 seconds 
========================================================================
Received Import Request.
  Time since last request: 54.623132 seconds.
  path: Assets/Graphics/Mesh/Enemy/Snake/Snake2.obj
  artifactKey: Guid(251af40a6ab1c0142b6dca76be28b503) Importer(815301076,1909f56bfc062723c751e8b465ee728b)
Start importing Assets/Graphics/Mesh/Enemy/Snake/Snake2.obj using Guid(251af40a6ab1c0142b6dca76be28b503) Importer(815301076,1909f56bfc062723c751e8b465ee728b)  -> (artifact id: '813c9cb188fefdb98a0b615ff309e28e') in 0.487021 seconds 
========================================================================
Received Import Request.
  Time since last request: 0.000046 seconds.
  path: Assets/Graphics/Mesh/Enemy/Snake/Snake3.obj
  artifactKey: Guid(838407f2c2c9cab47a0398d56385c8c7) Importer(815301076,1909f56bfc062723c751e8b465ee728b)
Start importing Assets/Graphics/Mesh/Enemy/Snake/Snake3.obj using Guid(838407f2c2c9cab47a0398d56385c8c7) Importer(815301076,1909f56bfc062723c751e8b465ee728b)  -> (artifact id: 'd85058347a5723bcf791a04f18a499df') in 0.066342 seconds 
========================================================================
Received Import Request.
  Time since last request: 4382.620879 seconds.
  path: Assets/Graphics/Mesh/Enemy/Centipede/Centipede1.png
  artifactKey: Guid(eb84861e3697ee340a2bf22d92d64418) Importer(815301076,1909f56bfc062723c751e8b465ee728b)
Start importing Assets/Graphics/Mesh/Enemy/Centipede/Centipede1.png using Guid(eb84861e3697ee340a2bf22d92d64418) Importer(815301076,1909f56bfc062723c751e8b465ee728b)  -> (artifact id: 'dacbb74e2343658f90086517ec25491d') in 0.061717 seconds 
========================================================================
Received Import Request.
  Time since last request: 0.000141 seconds.
  path: Assets/Graphics/Mesh/Enemy/Centipede/Centipede2.png
  artifactKey: Guid(e06f5bec928383d4c80f48650e5270ce) Importer(815301076,1909f56bfc062723c751e8b465ee728b)
Start importing Assets/Graphics/Mesh/Enemy/Centipede/Centipede2.png using Guid(e06f5bec928383d4c80f48650e5270ce) Importer(815301076,1909f56bfc062723c751e8b465ee728b)  -> (artifact id: '4ee077333a69e0a2fe8671aa851f061f') in 0.009702 seconds 
========================================================================
Received Import Request.
  Time since last request: 0.000034 seconds.
  path: Assets/Graphics/Mesh/Enemy/Centipede/Centipede4.png
  artifactKey: Guid(fb5a9e2a66586984eb812df3fdb43d8b) Importer(815301076,1909f56bfc062723c751e8b465ee728b)
Start importing Assets/Graphics/Mesh/Enemy/Centipede/Centipede4.png using Guid(fb5a9e2a66586984eb812df3fdb43d8b) Importer(815301076,1909f56bfc062723c751e8b465ee728b)  -> (artifact id: '917e2735498cf8fc5ee97babb9cd40c8') in 0.010147 seconds 
========================================================================
Received Import Request.
  Time since last request: 0.000027 seconds.
  path: Assets/Graphics/Mesh/Enemy/Centipede/Centipede4.obj
  artifactKey: Guid(c88ac0892e768c54981ee4580ce8501b) Importer(815301076,1909f56bfc062723c751e8b465ee728b)
Start importing Assets/Graphics/Mesh/Enemy/Centipede/Centipede4.obj using Guid(c88ac0892e768c54981ee4580ce8501b) Importer(815301076,1909f56bfc062723c751e8b465ee728b)  -> (artifact id: 'a19bd2f82028af8d5afd1154c4f055a4') in 0.054587 seconds 
========================================================================
Received Import Request.
  Time since last request: 5.209792 seconds.
  path: Assets/Graphics/Mesh/Enemy/Centipede/Centipede2.obj
  artifactKey: Guid(ffda9f7afe87a264db53f35a2ad273d9) Importer(815301076,1909f56bfc062723c751e8b465ee728b)
Start importing Assets/Graphics/Mesh/Enemy/Centipede/Centipede2.obj using Guid(ffda9f7afe87a264db53f35a2ad273d9) Importer(815301076,1909f56bfc062723c751e8b465ee728b)  -> (artifact id: 'e307ac8566840bff90e96f995507433c') in 0.060145 seconds 
========================================================================
Received Import Request.
  Time since last request: 2.381918 seconds.
  path: Assets/Graphics/Mesh/Enemy/Centipede/Centipede4.obj
  artifactKey: Guid(c88ac0892e768c54981ee4580ce8501b) Importer(815301076,1909f56bfc062723c751e8b465ee728b)
Start importing Assets/Graphics/Mesh/Enemy/Centipede/Centipede4.obj using Guid(c88ac0892e768c54981ee4580ce8501b) Importer(815301076,1909f56bfc062723c751e8b465ee728b)  -> (artifact id: '0e73288da55d2609f505d5d4ecfe5c00') in 0.045314 seconds 
========================================================================
Received Import Request.
  Time since last request: 37.836272 seconds.
  path: Assets/Graphics/Mesh/Enemy/Scorpion/Scorpion.png
  artifactKey: Guid(b63413345e5252241a2958f1b5c3e848) Importer(815301076,1909f56bfc062723c751e8b465ee728b)
Start importing Assets/Graphics/Mesh/Enemy/Scorpion/Scorpion.png using Guid(b63413345e5252241a2958f1b5c3e848) Importer(815301076,1909f56bfc062723c751e8b465ee728b)  -> (artifact id: '4df1f4b4f1b3259cf709730012657421') in 0.017300 seconds 
========================================================================
Received Import Request.
  Time since last request: 0.000048 seconds.
  path: Assets/Graphics/Mesh/Enemy/Scorpion/Scorpion_Attack2.obj
  artifactKey: Guid(a233a10e29c1b2147bf44cf085918011) Importer(815301076,1909f56bfc062723c751e8b465ee728b)
Start importing Assets/Graphics/Mesh/Enemy/Scorpion/Scorpion_Attack2.obj using Guid(a233a10e29c1b2147bf44cf085918011) Importer(815301076,1909f56bfc062723c751e8b465ee728b)  -> (artifact id: 'b9e233b4afec6b68b771c9c92b3920c6') in 0.056070 seconds 
========================================================================
Received Import Request.
  Time since last request: 0.000052 seconds.
  path: Assets/Graphics/Mesh/Enemy/Scorpion/ScorpionShot.obj
  artifactKey: Guid(c819329a561fd9b41bc909e4d212c3c3) Importer(815301076,1909f56bfc062723c751e8b465ee728b)
Start importing Assets/Graphics/Mesh/Enemy/Scorpion/ScorpionShot.obj using Guid(c819329a561fd9b41bc909e4d212c3c3) Importer(815301076,1909f56bfc062723c751e8b465ee728b)  -> (artifact id: '46ebd1d5680760ce2abb49a04f98147e') in 0.050700 seconds 
========================================================================
Received Import Request.
  Time since last request: 0.000039 seconds.
  path: Assets/Graphics/Mesh/Enemy/Scorpion/Scorpion_Attack1.obj
  artifactKey: Guid(71b5e21886e672d42a9431f0a01fb098) Importer(815301076,1909f56bfc062723c751e8b465ee728b)
Start importing Assets/Graphics/Mesh/Enemy/Scorpion/Scorpion_Attack1.obj using Guid(71b5e21886e672d42a9431f0a01fb098) Importer(815301076,1909f56bfc062723c751e8b465ee728b)  -> (artifact id: 'c91ed454af5d76ac3d8c56a9210caaa7') in 0.050959 seconds 
========================================================================
Received Import Request.
  Time since last request: 4.849265 seconds.
  path: Assets/Graphics/Mesh/Enemy/Scorpion/Scorpion_Attack1.obj
  artifactKey: Guid(71b5e21886e672d42a9431f0a01fb098) Importer(815301076,1909f56bfc062723c751e8b465ee728b)
Start importing Assets/Graphics/Mesh/Enemy/Scorpion/Scorpion_Attack1.obj using Guid(71b5e21886e672d42a9431f0a01fb098) Importer(815301076,1909f56bfc062723c751e8b465ee728b)  -> (artifact id: '78108c387e99c7a699419e00ab91c9f9') in 0.064747 seconds 
========================================================================
Received Import Request.
  Time since last request: 0.000049 seconds.
  path: Assets/Graphics/Mesh/Enemy/Scorpion/Scorpion_Attack2.obj
  artifactKey: Guid(a233a10e29c1b2147bf44cf085918011) Importer(815301076,1909f56bfc062723c751e8b465ee728b)
Start importing Assets/Graphics/Mesh/Enemy/Scorpion/Scorpion_Attack2.obj using Guid(a233a10e29c1b2147bf44cf085918011) Importer(815301076,1909f56bfc062723c751e8b465ee728b)  -> (artifact id: '9f2e1cf30b23e73441f15facd7a549e9') in 0.050009 seconds 
========================================================================
Received Import Request.
  Time since last request: 3.938889 seconds.
  path: Assets/Graphics/Mesh/Enemy/Scorpion/ScorpionShot.obj
  artifactKey: Guid(c819329a561fd9b41bc909e4d212c3c3) Importer(815301076,1909f56bfc062723c751e8b465ee728b)
Start importing Assets/Graphics/Mesh/Enemy/Scorpion/ScorpionShot.obj using Guid(c819329a561fd9b41bc909e4d212c3c3) Importer(815301076,1909f56bfc062723c751e8b465ee728b)  -> (artifact id: '18dff6b073a69a249e8bab502292b5ba') in 0.047199 seconds 
