Using pre-set license
Built from '2021.3/staging' branch; Version is '2021.3.1f1 (3b70a0754835) revision 3895456'; Using compiler version '192829333'; Build Type 'Release'
OS: 'Windows 10  (10.0.19044) 64bit Professional' Language: 'ru' Physical Memory: 8100 MB
BatchMode: 1, IsHumanControllingUs: 0, StartBugReporterOnCrash: 0, Is64bit: 1, IsPro: 1

COMMAND LINE ARGUMENTS:
D:\Unity\2021.3.1f1\Editor\Unity.exe
-adb2
-batchMode
-noUpm
-name
AssetImportWorker8
-projectPath
D:/UnityPortfolio/Rat_Hero Repository/RatHero/Rat Hero
-logFile
Logs/AssetImportWorker8.log
-srvPort
49937
Successfully changed project path to: D:/UnityPortfolio/Rat_Hero Repository/RatHero/Rat Hero
D:/UnityPortfolio/Rat_Hero Repository/RatHero/Rat Hero
[UnityMemory] Configuration Parameters - Can be set up in boot.config
    "memorysetup-bucket-allocator-granularity=16"
    "memorysetup-bucket-allocator-bucket-count=8"
    "memorysetup-bucket-allocator-block-size=33554432"
    "memorysetup-bucket-allocator-block-count=8"
    "memorysetup-main-allocator-block-size=16777216"
    "memorysetup-thread-allocator-block-size=16777216"
    "memorysetup-gfx-main-allocator-block-size=16777216"
    "memorysetup-gfx-thread-allocator-block-size=16777216"
    "memorysetup-cache-allocator-block-size=4194304"
    "memorysetup-typetree-allocator-block-size=2097152"
    "memorysetup-profiler-bucket-allocator-granularity=16"
    "memorysetup-profiler-bucket-allocator-bucket-count=8"
    "memorysetup-profiler-bucket-allocator-block-size=33554432"
    "memorysetup-profiler-bucket-allocator-block-count=8"
    "memorysetup-profiler-allocator-block-size=16777216"
    "memorysetup-profiler-editor-allocator-block-size=1048576"
    "memorysetup-temp-allocator-size-main=16777216"
    "memorysetup-job-temp-allocator-block-size=2097152"
    "memorysetup-job-temp-allocator-block-size-background=1048576"
    "memorysetup-job-temp-allocator-reduction-small-platforms=262144"
    "memorysetup-temp-allocator-size-background-worker=32768"
    "memorysetup-temp-allocator-size-job-worker=262144"
    "memorysetup-temp-allocator-size-preload-manager=33554432"
    "memorysetup-temp-allocator-size-nav-mesh-worker=65536"
    "memorysetup-temp-allocator-size-audio-worker=65536"
    "memorysetup-temp-allocator-size-cloud-worker=32768"
    "memorysetup-temp-allocator-size-gi-baking-worker=262144"
    "memorysetup-temp-allocator-size-gfx=262144"
Refreshing native plugins compatible for Editor in 103.85 ms, found 3 plugins.
Preloading 0 native plugins for Editor in 0.00 ms.
Initialize engine version: 2021.3.1f1 (3b70a0754835)
[Subsystems] Discovering subsystems at path D:/Unity/2021.3.1f1/Editor/Data/Resources/UnitySubsystems
[Subsystems] Discovering subsystems at path D:/UnityPortfolio/Rat_Hero Repository/RatHero/Rat Hero/Assets
GfxDevice: creating device client; threaded=0; jobified=0
Direct3D:
    Version:  Direct3D 11.0 [level 11.1]
    Renderer: NVIDIA GeForce MX150 (ID=0x1d10)
    Vendor:   NVIDIA
    VRAM:     1983 MB
    Driver:   30.0.14.7212
Initialize mono
Mono path[0] = 'D:/Unity/2021.3.1f1/Editor/Data/Managed'
Mono path[1] = 'D:/Unity/2021.3.1f1/Editor/Data/MonoBleedingEdge/lib/mono/unityjit-win32'
Mono config path = 'D:/Unity/2021.3.1f1/Editor/Data/MonoBleedingEdge/etc'
Using monoOptions --debugger-agent=transport=dt_socket,embedding=1,server=y,suspend=n,address=127.0.0.1:56328
Begin MonoManager ReloadAssembly
Registering precompiled unity dll's ...
Register platform support module: D:/Unity/2021.3.1f1/Editor/Data/PlaybackEngines/WebGLSupport/UnityEditor.WebGL.Extensions.dll
Register platform support module: D:/Unity/2021.3.1f1/Editor/Data/PlaybackEngines/AndroidPlayer/UnityEditor.Android.Extensions.dll
Register platform support module: D:/Unity/2021.3.1f1/Editor/Data/PlaybackEngines/iOSSupport/UnityEditor.iOS.Extensions.dll
Register platform support module: D:/Unity/2021.3.1f1/Editor/Data/PlaybackEngines/WindowsStandaloneSupport/UnityEditor.WindowsStandalone.Extensions.dll
Register platform support module: D:/Unity/2021.3.1f1/Editor/Data/PlaybackEngines/MetroSupport/UnityEditor.UWP.Extensions.dll
Registered in 0.006489 seconds.
Native extension for UWP target not found
Native extension for WindowsStandalone target not found
[usbmuxd] Start listen thread
[usbmuxd] Listen thread started
Native extension for iOS target not found
Native extension for Android target not found
Native extension for WebGL target not found
Refreshing native plugins compatible for Editor in 136.50 ms, found 3 plugins.
Preloading 0 native plugins for Editor in 0.00 ms.
Mono: successfully reloaded assembly
- Completed reload, in  1.064 seconds
Domain Reload Profiling:
	ReloadAssembly (1066ms)
		BeginReloadAssembly (82ms)
			ExecutionOrderSort (0ms)
			DisableScriptedObjects (0ms)
			BackupInstance (0ms)
			ReleaseScriptingObjects (0ms)
			CreateAndSetChildDomain (1ms)
		EndReloadAssembly (861ms)
			LoadAssemblies (83ms)
			RebuildTransferFunctionScriptingTraits (0ms)
			SetupTypeCache (127ms)
			ReleaseScriptCaches (0ms)
			RebuildScriptCaches (33ms)
			SetupLoadedEditorAssemblies (644ms)
				LogAssemblyErrors (0ms)
				InitializePlatformSupportModulesInManaged (70ms)
				SetLoadedEditorAssemblies (3ms)
				RefreshPlugins (137ms)
				BeforeProcessingInitializeOnLoad (3ms)
				ProcessInitializeOnLoadAttributes (317ms)
				ProcessInitializeOnLoadMethodAttributes (114ms)
				AfterProcessingInitializeOnLoad (0ms)
				EditorAssembliesLoaded (0ms)
			ExecutionOrderSort2 (0ms)
			AwakeInstancesAfterBackupRestoration (0ms)
Platform modules already initialized, skipping
Registering precompiled user dll's ...
Registered in 0.009024 seconds.
Android Extension - Scanning For ADB Devices 940 ms
Begin MonoManager ReloadAssembly
Symbol file LoadedFromMemory doesn't match image D:\UnityPortfolio\Rat_Hero Repository\RatHero\Rat Hero\Library\PackageCache\com.unity.visualscripting@1.7.6\Editor\VisualScripting.Core\Dependencies\YamlDotNet\Unity.VisualScripting.YamlDotNet.dll
Symbol file LoadedFromMemory is not a mono symbol file
Symbol file LoadedFromMemory doesn't match image D:\UnityPortfolio\Rat_Hero Repository\RatHero\Rat Hero\Library\PackageCache\com.unity.visualscripting@1.7.6\Editor\VisualScripting.Core\Dependencies\DotNetZip\Unity.VisualScripting.IonicZip.dll
Native extension for UWP target not found
Native extension for WindowsStandalone target not found
Native extension for iOS target not found
Native extension for Android target not found
Native extension for WebGL target not found
Refreshing native plugins compatible for Editor in 0.65 ms, found 3 plugins.
Preloading 0 native plugins for Editor in 0.00 ms.
Mono: successfully reloaded assembly
- Completed reload, in  1.869 seconds
Domain Reload Profiling:
	ReloadAssembly (1871ms)
		BeginReloadAssembly (244ms)
			ExecutionOrderSort (0ms)
			DisableScriptedObjects (14ms)
			BackupInstance (0ms)
			ReleaseScriptingObjects (0ms)
			CreateAndSetChildDomain (43ms)
		EndReloadAssembly (1360ms)
			LoadAssemblies (191ms)
			RebuildTransferFunctionScriptingTraits (0ms)
			SetupTypeCache (694ms)
			ReleaseScriptCaches (1ms)
			RebuildScriptCaches (60ms)
			SetupLoadedEditorAssemblies (433ms)
				LogAssemblyErrors (0ms)
				InitializePlatformSupportModulesInManaged (31ms)
				SetLoadedEditorAssemblies (1ms)
				RefreshPlugins (1ms)
				BeforeProcessingInitializeOnLoad (87ms)
				ProcessInitializeOnLoadAttributes (285ms)
				ProcessInitializeOnLoadMethodAttributes (25ms)
				AfterProcessingInitializeOnLoad (3ms)
				EditorAssembliesLoaded (0ms)
			ExecutionOrderSort2 (0ms)
			AwakeInstancesAfterBackupRestoration (8ms)
Platform modules already initialized, skipping
========================================================================
Worker process is ready to serve import requests
Launched and connected shader compiler UnityShaderCompiler.exe after 0.30 seconds
Refreshing native plugins compatible for Editor in 1.05 ms, found 3 plugins.
Preloading 0 native plugins for Editor in 0.00 ms.
Unloading 3380 Unused Serialized files (Serialized files now loaded: 0)
Unloading 21 unused Assets / (58.8 KB). Loaded Objects now: 3874.
Memory consumption went from 141.0 MB to 140.9 MB.
Total: 6.530800 ms (FindLiveObjects: 0.488800 ms CreateObjectMapping: 0.555000 ms MarkObjects: 5.317500 ms  DeleteObjects: 0.167800 ms)

AssetImportParameters requested are different than current active one (requested -> active):
  custom:video-decoder-ogg-theora: a1e56fd34408186e4bbccfd4996cb3dc -> 
  custom:container-muxer-webm: aa71ff27fc2769a1b78a27578f13a17b -> 
  custom:container-demuxer-webm: 4f35f7cbe854078d1ac9338744f61a02 -> 
  custom:video-encoder-webm-vp8: eb34c28f22e8b96e1ab97ce403110664 -> 
  custom:audio-encoder-webm-vorbis: bf7c407c2cedff20999df2af8eb42d56 -> 
  custom:framework-win-MediaFoundation: 216162199b28c13a410421893ffa2e32 -> 
  custom:container-demuxer-ogg: 62fdf1f143b41e24485cea50d1cbac27 -> 
  custom:video-decoder-webm-vp8: 9c59270c3fd7afecdb556c50c9e8de78 -> 
  custom:audio-decoder-ogg-vorbis: bf7c407c2cedff20999df2af8eb42d56 -> 
========================================================================
Received Import Request.
  Time since last request: 92094.876719 seconds.
  path: Assets/Resources/Mesh/Units/Characters/ArthasRat/ArthasRat1.obj
  artifactKey: Guid(579eac9639e8c9f4a836407a10546b8c) Importer(815301076,1909f56bfc062723c751e8b465ee728b)
Start importing Assets/Resources/Mesh/Units/Characters/ArthasRat/ArthasRat1.obj using Guid(579eac9639e8c9f4a836407a10546b8c) Importer(815301076,1909f56bfc062723c751e8b465ee728b)  -> (artifact id: '0ceef8ae560b9fad9676a6b77a286906') in 0.551052 seconds 
========================================================================
Received Import Request.
  Time since last request: 113.010927 seconds.
  path: Assets/Resources/Mesh/Units/Characters/ArthasRat/ArthasRat2.obj
  artifactKey: Guid(7226a533ed7a43149b860dc4de8aec4e) Importer(815301076,1909f56bfc062723c751e8b465ee728b)
Start importing Assets/Resources/Mesh/Units/Characters/ArthasRat/ArthasRat2.obj using Guid(7226a533ed7a43149b860dc4de8aec4e) Importer(815301076,1909f56bfc062723c751e8b465ee728b)  -> (artifact id: '418cca8912b74ad944eb2f5ed7ba3947') in 0.037393 seconds 
========================================================================
Received Import Request.
  Time since last request: 0.000038 seconds.
  path: Assets/Resources/Mesh/Units/Characters/ArthasRat/ArthasRat5.png
  artifactKey: Guid(65f11139166365049b157af097e9fd1d) Importer(815301076,1909f56bfc062723c751e8b465ee728b)
Start importing Assets/Resources/Mesh/Units/Characters/ArthasRat/ArthasRat5.png using Guid(65f11139166365049b157af097e9fd1d) Importer(815301076,1909f56bfc062723c751e8b465ee728b)  -> (artifact id: 'eae1d3bc20cf63a71cbdedfa7589e0e1') in 0.022827 seconds 
========================================================================
Received Import Request.
  Time since last request: 0.000076 seconds.
  path: Assets/Resources/Mesh/Units/Characters/ArthasRat/ArthasRat3.obj
  artifactKey: Guid(cb48d4f85fd6cc643b64d1015cef2689) Importer(815301076,1909f56bfc062723c751e8b465ee728b)
Start importing Assets/Resources/Mesh/Units/Characters/ArthasRat/ArthasRat3.obj using Guid(cb48d4f85fd6cc643b64d1015cef2689) Importer(815301076,1909f56bfc062723c751e8b465ee728b)  -> (artifact id: '44a2b6e1dd1da5e8aa3a2e0423c42d1d') in 0.032550 seconds 
========================================================================
Received Import Request.
  Time since last request: 0.000032 seconds.
  path: Assets/Resources/Mesh/Units/Characters/ArthasRat/ArthasRat3.png
  artifactKey: Guid(c36909a280065444c980ca099eefe55f) Importer(815301076,1909f56bfc062723c751e8b465ee728b)
Start importing Assets/Resources/Mesh/Units/Characters/ArthasRat/ArthasRat3.png using Guid(c36909a280065444c980ca099eefe55f) Importer(815301076,1909f56bfc062723c751e8b465ee728b)  -> (artifact id: '99184e149ea8cc91291f2546b1d65d60') in 0.009960 seconds 
========================================================================
Received Import Request.
  Time since last request: 0.000030 seconds.
  path: Assets/Resources/Mesh/Units/Characters/ArthasRat/ArthasRat6.obj
  artifactKey: Guid(12b8e28e0b5576f45a1b321895a03d08) Importer(815301076,1909f56bfc062723c751e8b465ee728b)
Start importing Assets/Resources/Mesh/Units/Characters/ArthasRat/ArthasRat6.obj using Guid(12b8e28e0b5576f45a1b321895a03d08) Importer(815301076,1909f56bfc062723c751e8b465ee728b)  -> (artifact id: 'ac5fa089848990b154810846f349a38b') in 0.028271 seconds 
========================================================================
Received Import Request.
  Time since last request: 0.000026 seconds.
  path: Assets/Resources/Mesh/Units/Characters/ArthasRat/ArthasRat4.obj
  artifactKey: Guid(940aa7c6d117a0d4c9afd703dd7edd1b) Importer(815301076,1909f56bfc062723c751e8b465ee728b)
Start importing Assets/Resources/Mesh/Units/Characters/ArthasRat/ArthasRat4.obj using Guid(940aa7c6d117a0d4c9afd703dd7edd1b) Importer(815301076,1909f56bfc062723c751e8b465ee728b)  -> (artifact id: 'e9e9f30aaaf3808998ebb7ffb102ef0e') in 0.029092 seconds 
========================================================================
Received Import Request.
  Time since last request: 6.184409 seconds.
  path: Assets/Resources/Mesh/Units/Characters/ArthasRat/ArthasRat2.mtl
  artifactKey: Guid(51949ab113a7171478754da5f4025d03) Importer(815301076,1909f56bfc062723c751e8b465ee728b)
Start importing Assets/Resources/Mesh/Units/Characters/ArthasRat/ArthasRat2.mtl using Guid(51949ab113a7171478754da5f4025d03) Importer(815301076,1909f56bfc062723c751e8b465ee728b)  -> (artifact id: '2f010c63bfdefbea2dd1e408f2c0f1ef') in 0.014556 seconds 
========================================================================
Received Import Request.
  Time since last request: 0.512525 seconds.
  path: Assets/Resources/Mesh/Units/Characters/ArthasRat/ArthasRat1.mtl
  artifactKey: Guid(936fd824df120a246bac2558d4bdf8b2) Importer(815301076,1909f56bfc062723c751e8b465ee728b)
Start importing Assets/Resources/Mesh/Units/Characters/ArthasRat/ArthasRat1.mtl using Guid(936fd824df120a246bac2558d4bdf8b2) Importer(815301076,1909f56bfc062723c751e8b465ee728b)  -> (artifact id: '98828332d393ce53e63f217436a94d0f') in 0.003615 seconds 
========================================================================
Received Import Request.
  Time since last request: 15.889707 seconds.
  path: Assets/Resources/Materials/Units/Characters/ArthasRat.mat
  artifactKey: Guid(8e94621f018cd8d46a214c3f9be02d5c) Importer(815301076,1909f56bfc062723c751e8b465ee728b)
Start importing Assets/Resources/Materials/Units/Characters/ArthasRat.mat using Guid(8e94621f018cd8d46a214c3f9be02d5c) Importer(815301076,1909f56bfc062723c751e8b465ee728b)  -> (artifact id: 'd310df3b928c7007621a87dd43fd0aa1') in 0.014578 seconds 
========================================================================
Received Import Request.
  Time since last request: 24.783212 seconds.
  path: Assets/Resources/Materials/Units/Characters/ArthasRat.mat
  artifactKey: Guid(8e94621f018cd8d46a214c3f9be02d5c) Importer(815301076,1909f56bfc062723c751e8b465ee728b)
Start importing Assets/Resources/Materials/Units/Characters/ArthasRat.mat using Guid(8e94621f018cd8d46a214c3f9be02d5c) Importer(815301076,1909f56bfc062723c751e8b465ee728b)  -> (artifact id: 'd9b17a1e0f8f4151ea62c97a27f8821b') in 0.010973 seconds 
========================================================================
Received Import Request.
  Time since last request: 13.168808 seconds.
  path: Assets/Resources/Mesh/Units/Characters/ArthasRat/ArthasRat.png
  artifactKey: Guid(26603b4ee1b367b4cad24a74ff39c2d1) Importer(815301076,1909f56bfc062723c751e8b465ee728b)
Start importing Assets/Resources/Mesh/Units/Characters/ArthasRat/ArthasRat.png using Guid(26603b4ee1b367b4cad24a74ff39c2d1) Importer(815301076,1909f56bfc062723c751e8b465ee728b)  -> (artifact id: '8e881218232bd157887e2b0e99c37828') in 0.008373 seconds 
========================================================================
Received Import Request.
  Time since last request: 0.011467 seconds.
  path: Assets/Resources/Mesh/Units/Characters/ArthasRat/ArthasRat1.obj
  artifactKey: Guid(579eac9639e8c9f4a836407a10546b8c) Importer(815301076,1909f56bfc062723c751e8b465ee728b)
Start importing Assets/Resources/Mesh/Units/Characters/ArthasRat/ArthasRat1.obj using Guid(579eac9639e8c9f4a836407a10546b8c) Importer(815301076,1909f56bfc062723c751e8b465ee728b)  -> (artifact id: '50e8a6bb16980591c1051f1541c2180b') in 0.031430 seconds 
========================================================================
Received Import Request.
  Time since last request: 9.343044 seconds.
  path: Assets/Resources/Mesh/Units/Characters/ArthasRat/ArthasRat2.obj
  artifactKey: Guid(7226a533ed7a43149b860dc4de8aec4e) Importer(815301076,1909f56bfc062723c751e8b465ee728b)
Start importing Assets/Resources/Mesh/Units/Characters/ArthasRat/ArthasRat2.obj using Guid(7226a533ed7a43149b860dc4de8aec4e) Importer(815301076,1909f56bfc062723c751e8b465ee728b)  -> (artifact id: '210a3be8e5068fcdab8e51b126e109b9') in 0.053209 seconds 
========================================================================
Received Import Request.
  Time since last request: 0.000065 seconds.
  path: Assets/Resources/Mesh/Units/Characters/ArthasRat/ArthasRat5.obj
  artifactKey: Guid(629da3083f2e640478e46df73948c352) Importer(815301076,1909f56bfc062723c751e8b465ee728b)
Start importing Assets/Resources/Mesh/Units/Characters/ArthasRat/ArthasRat5.obj using Guid(629da3083f2e640478e46df73948c352) Importer(815301076,1909f56bfc062723c751e8b465ee728b)  -> (artifact id: 'df56c5c78bba77d0e90fad59d7ffe0cb') in 0.048827 seconds 
========================================================================
Received Import Request.
  Time since last request: 0.000110 seconds.
  path: Assets/Resources/Mesh/Units/Characters/ArthasRat/ArthasRat4.obj
  artifactKey: Guid(940aa7c6d117a0d4c9afd703dd7edd1b) Importer(815301076,1909f56bfc062723c751e8b465ee728b)
Start importing Assets/Resources/Mesh/Units/Characters/ArthasRat/ArthasRat4.obj using Guid(940aa7c6d117a0d4c9afd703dd7edd1b) Importer(815301076,1909f56bfc062723c751e8b465ee728b)  -> (artifact id: '826fc9c9cb0f549cae3cb52518dfea38') in 0.056267 seconds 
========================================================================
Received Import Request.
  Time since last request: 7.776758 seconds.
  path: Assets/Resources/Materials/Units/Characters/ArthasRat.mat
  artifactKey: Guid(8e94621f018cd8d46a214c3f9be02d5c) Importer(815301076,1909f56bfc062723c751e8b465ee728b)
Start importing Assets/Resources/Materials/Units/Characters/ArthasRat.mat using Guid(8e94621f018cd8d46a214c3f9be02d5c) Importer(815301076,1909f56bfc062723c751e8b465ee728b)  -> (artifact id: '5afafe289d65c7167cdd0baa4b75fc13') in 0.017475 seconds 
========================================================================
Received Import Request.
  Time since last request: 12.888408 seconds.
  path: Assets/Resources/Mesh/Units/Characters/ArthasRat/ArthasRat1.obj
  artifactKey: Guid(579eac9639e8c9f4a836407a10546b8c) Importer(815301076,1909f56bfc062723c751e8b465ee728b)
Start importing Assets/Resources/Mesh/Units/Characters/ArthasRat/ArthasRat1.obj using Guid(579eac9639e8c9f4a836407a10546b8c) Importer(815301076,1909f56bfc062723c751e8b465ee728b)  -> (artifact id: '0e85cb486a42799e118e517c66c8c63e') in 0.023419 seconds 
========================================================================
Received Import Request.
  Time since last request: 3.642405 seconds.
  path: Assets/Resources/Mesh/Units/Characters/ArthasRat/ArthasRat2.obj
  artifactKey: Guid(7226a533ed7a43149b860dc4de8aec4e) Importer(815301076,1909f56bfc062723c751e8b465ee728b)
Start importing Assets/Resources/Mesh/Units/Characters/ArthasRat/ArthasRat2.obj using Guid(7226a533ed7a43149b860dc4de8aec4e) Importer(815301076,1909f56bfc062723c751e8b465ee728b)  -> (artifact id: '5ca6991da9532fec20cfc9348674785a') in 0.045845 seconds 
========================================================================
Received Import Request.
  Time since last request: 4.370312 seconds.
  path: Assets/Resources/Mesh/Units/Characters/ArthasRat/ArthasRat3.obj
  artifactKey: Guid(cb48d4f85fd6cc643b64d1015cef2689) Importer(815301076,1909f56bfc062723c751e8b465ee728b)
Start importing Assets/Resources/Mesh/Units/Characters/ArthasRat/ArthasRat3.obj using Guid(cb48d4f85fd6cc643b64d1015cef2689) Importer(815301076,1909f56bfc062723c751e8b465ee728b)  -> (artifact id: '6260df48ee41f18ad7096dec3770f3ab') in 0.037212 seconds 
========================================================================
Received Import Request.
  Time since last request: 3.663115 seconds.
  path: Assets/Resources/Mesh/Units/Characters/ArthasRat/ArthasRat4.obj
  artifactKey: Guid(940aa7c6d117a0d4c9afd703dd7edd1b) Importer(815301076,1909f56bfc062723c751e8b465ee728b)
Start importing Assets/Resources/Mesh/Units/Characters/ArthasRat/ArthasRat4.obj using Guid(940aa7c6d117a0d4c9afd703dd7edd1b) Importer(815301076,1909f56bfc062723c751e8b465ee728b)  -> (artifact id: '40d6abdb914d9e2ccaae35dbf624b650') in 0.040480 seconds 
========================================================================
Received Import Request.
  Time since last request: 3.689736 seconds.
  path: Assets/Resources/Mesh/Units/Characters/ArthasRat/ArthasRat5.obj
  artifactKey: Guid(629da3083f2e640478e46df73948c352) Importer(815301076,1909f56bfc062723c751e8b465ee728b)
Start importing Assets/Resources/Mesh/Units/Characters/ArthasRat/ArthasRat5.obj using Guid(629da3083f2e640478e46df73948c352) Importer(815301076,1909f56bfc062723c751e8b465ee728b)  -> (artifact id: '461195d7daee7328a076c892ed35315d') in 0.038389 seconds 
========================================================================
Received Import Request.
  Time since last request: 3.136717 seconds.
  path: Assets/Resources/Mesh/Units/Characters/ArthasRat/ArthasRat6.obj
  artifactKey: Guid(12b8e28e0b5576f45a1b321895a03d08) Importer(815301076,1909f56bfc062723c751e8b465ee728b)
Start importing Assets/Resources/Mesh/Units/Characters/ArthasRat/ArthasRat6.obj using Guid(12b8e28e0b5576f45a1b321895a03d08) Importer(815301076,1909f56bfc062723c751e8b465ee728b)  -> (artifact id: 'dd8b968da03c26d9850452f75e7cbdc3') in 0.039287 seconds 
========================================================================
Received Prepare
Registering precompiled user dll's ...
Registered in 0.004666 seconds.
Begin MonoManager ReloadAssembly
Symbol file LoadedFromMemory doesn't match image D:\UnityPortfolio\Rat_Hero Repository\RatHero\Rat Hero\Library\PackageCache\com.unity.visualscripting@1.7.6\Editor\VisualScripting.Core\Dependencies\YamlDotNet\Unity.VisualScripting.YamlDotNet.dll
Symbol file LoadedFromMemory is not a mono symbol file
Symbol file LoadedFromMemory doesn't match image D:\UnityPortfolio\Rat_Hero Repository\RatHero\Rat Hero\Library\PackageCache\com.unity.visualscripting@1.7.6\Editor\VisualScripting.Core\Dependencies\DotNetZip\Unity.VisualScripting.IonicZip.dll
Native extension for UWP target not found
Native extension for WindowsStandalone target not found
Native extension for iOS target not found
Native extension for Android target not found
Native extension for WebGL target not found
Refreshing native plugins compatible for Editor in 1.09 ms, found 3 plugins.
Preloading 0 native plugins for Editor in 0.00 ms.
Mono: successfully reloaded assembly
- Completed reload, in  2.426 seconds
Domain Reload Profiling:
	ReloadAssembly (2427ms)
		BeginReloadAssembly (258ms)
			ExecutionOrderSort (0ms)
			DisableScriptedObjects (6ms)
			BackupInstance (0ms)
			ReleaseScriptingObjects (0ms)
			CreateAndSetChildDomain (46ms)
		EndReloadAssembly (1921ms)
			LoadAssemblies (223ms)
			RebuildTransferFunctionScriptingTraits (0ms)
			SetupTypeCache (812ms)
			ReleaseScriptCaches (2ms)
			RebuildScriptCaches (88ms)
			SetupLoadedEditorAssemblies (707ms)
				LogAssemblyErrors (0ms)
				InitializePlatformSupportModulesInManaged (73ms)
				SetLoadedEditorAssemblies (1ms)
				RefreshPlugins (1ms)
				BeforeProcessingInitializeOnLoad (127ms)
				ProcessInitializeOnLoadAttributes (443ms)
				ProcessInitializeOnLoadMethodAttributes (55ms)
				AfterProcessingInitializeOnLoad (7ms)
				EditorAssembliesLoaded (0ms)
			ExecutionOrderSort2 (0ms)
			AwakeInstancesAfterBackupRestoration (17ms)
Platform modules already initialized, skipping
Refreshing native plugins compatible for Editor in 1.74 ms, found 3 plugins.
Preloading 0 native plugins for Editor in 0.00 ms.
Unloading 3361 Unused Serialized files (Serialized files now loaded: 0)
Unloading 15 unused Assets / (51.9 KB). Loaded Objects now: 3921.
Memory consumption went from 144.4 MB to 144.4 MB.
Total: 3.091900 ms (FindLiveObjects: 0.288800 ms CreateObjectMapping: 0.182600 ms MarkObjects: 2.540500 ms  DeleteObjects: 0.078800 ms)

AssetImportParameters requested are different than current active one (requested -> active):
  custom:video-decoder-ogg-theora: a1e56fd34408186e4bbccfd4996cb3dc -> 
  custom:container-muxer-webm: aa71ff27fc2769a1b78a27578f13a17b -> 
  custom:container-demuxer-webm: 4f35f7cbe854078d1ac9338744f61a02 -> 
  custom:video-encoder-webm-vp8: eb34c28f22e8b96e1ab97ce403110664 -> 
  custom:audio-encoder-webm-vorbis: bf7c407c2cedff20999df2af8eb42d56 -> 
  custom:framework-win-MediaFoundation: 216162199b28c13a410421893ffa2e32 -> 
  custom:container-demuxer-ogg: 62fdf1f143b41e24485cea50d1cbac27 -> 
  custom:video-decoder-webm-vp8: 9c59270c3fd7afecdb556c50c9e8de78 -> 
  custom:audio-decoder-ogg-vorbis: bf7c407c2cedff20999df2af8eb42d56 -> 
========================================================================
Received Prepare
Registering precompiled user dll's ...
Registered in 0.011602 seconds.
Begin MonoManager ReloadAssembly
Symbol file LoadedFromMemory doesn't match image D:\UnityPortfolio\Rat_Hero Repository\RatHero\Rat Hero\Library\PackageCache\com.unity.visualscripting@1.7.6\Editor\VisualScripting.Core\Dependencies\YamlDotNet\Unity.VisualScripting.YamlDotNet.dll
Symbol file LoadedFromMemory is not a mono symbol file
Symbol file LoadedFromMemory doesn't match image D:\UnityPortfolio\Rat_Hero Repository\RatHero\Rat Hero\Library\PackageCache\com.unity.visualscripting@1.7.6\Editor\VisualScripting.Core\Dependencies\DotNetZip\Unity.VisualScripting.IonicZip.dll
Native extension for UWP target not found
Native extension for WindowsStandalone target not found
Native extension for iOS target not found
Native extension for Android target not found
Native extension for WebGL target not found
Refreshing native plugins compatible for Editor in 0.65 ms, found 3 plugins.
Preloading 0 native plugins for Editor in 0.00 ms.
Mono: successfully reloaded assembly
- Completed reload, in  1.453 seconds
Domain Reload Profiling:
	ReloadAssembly (1455ms)
		BeginReloadAssembly (199ms)
			ExecutionOrderSort (0ms)
			DisableScriptedObjects (6ms)
			BackupInstance (0ms)
			ReleaseScriptingObjects (0ms)
			CreateAndSetChildDomain (52ms)
		EndReloadAssembly (1131ms)
			LoadAssemblies (149ms)
			RebuildTransferFunctionScriptingTraits (0ms)
			SetupTypeCache (305ms)
			ReleaseScriptCaches (1ms)
			RebuildScriptCaches (45ms)
			SetupLoadedEditorAssemblies (604ms)
				LogAssemblyErrors (0ms)
				InitializePlatformSupportModulesInManaged (35ms)
				SetLoadedEditorAssemblies (1ms)
				RefreshPlugins (1ms)
				BeforeProcessingInitializeOnLoad (62ms)
				ProcessInitializeOnLoadAttributes (447ms)
				ProcessInitializeOnLoadMethodAttributes (51ms)
				AfterProcessingInitializeOnLoad (7ms)
				EditorAssembliesLoaded (0ms)
			ExecutionOrderSort2 (0ms)
			AwakeInstancesAfterBackupRestoration (17ms)
Platform modules already initialized, skipping
Refreshing native plugins compatible for Editor in 2.96 ms, found 3 plugins.
Preloading 0 native plugins for Editor in 0.00 ms.
Unloading 3361 Unused Serialized files (Serialized files now loaded: 0)
Unloading 15 unused Assets / (52.0 KB). Loaded Objects now: 3924.
Memory consumption went from 144.4 MB to 144.4 MB.
Total: 5.551600 ms (FindLiveObjects: 0.441100 ms CreateObjectMapping: 0.273000 ms MarkObjects: 4.702000 ms  DeleteObjects: 0.133200 ms)

AssetImportParameters requested are different than current active one (requested -> active):
  custom:video-decoder-ogg-theora: a1e56fd34408186e4bbccfd4996cb3dc -> 
  custom:container-muxer-webm: aa71ff27fc2769a1b78a27578f13a17b -> 
  custom:container-demuxer-webm: 4f35f7cbe854078d1ac9338744f61a02 -> 
  custom:video-encoder-webm-vp8: eb34c28f22e8b96e1ab97ce403110664 -> 
  custom:audio-encoder-webm-vorbis: bf7c407c2cedff20999df2af8eb42d56 -> 
  custom:framework-win-MediaFoundation: 216162199b28c13a410421893ffa2e32 -> 
  custom:container-demuxer-ogg: 62fdf1f143b41e24485cea50d1cbac27 -> 
  custom:video-decoder-webm-vp8: 9c59270c3fd7afecdb556c50c9e8de78 -> 
  custom:audio-decoder-ogg-vorbis: bf7c407c2cedff20999df2af8eb42d56 -> 
========================================================================
Received Prepare
Registering precompiled user dll's ...
Registered in 0.003930 seconds.
Begin MonoManager ReloadAssembly
Symbol file LoadedFromMemory doesn't match image D:\UnityPortfolio\Rat_Hero Repository\RatHero\Rat Hero\Library\PackageCache\com.unity.visualscripting@1.7.6\Editor\VisualScripting.Core\Dependencies\YamlDotNet\Unity.VisualScripting.YamlDotNet.dll
Symbol file LoadedFromMemory is not a mono symbol file
Symbol file LoadedFromMemory doesn't match image D:\UnityPortfolio\Rat_Hero Repository\RatHero\Rat Hero\Library\PackageCache\com.unity.visualscripting@1.7.6\Editor\VisualScripting.Core\Dependencies\DotNetZip\Unity.VisualScripting.IonicZip.dll
Native extension for UWP target not found
Native extension for WindowsStandalone target not found
Native extension for iOS target not found
Native extension for Android target not found
Native extension for WebGL target not found
Refreshing native plugins compatible for Editor in 1.06 ms, found 3 plugins.
Preloading 0 native plugins for Editor in 0.00 ms.
Mono: successfully reloaded assembly
- Completed reload, in  1.847 seconds
Domain Reload Profiling:
	ReloadAssembly (1849ms)
		BeginReloadAssembly (160ms)
			ExecutionOrderSort (0ms)
			DisableScriptedObjects (6ms)
			BackupInstance (0ms)
			ReleaseScriptingObjects (0ms)
			CreateAndSetChildDomain (44ms)
		EndReloadAssembly (1511ms)
			LoadAssemblies (117ms)
			RebuildTransferFunctionScriptingTraits (0ms)
			SetupTypeCache (464ms)
			ReleaseScriptCaches (2ms)
			RebuildScriptCaches (85ms)
			SetupLoadedEditorAssemblies (710ms)
				LogAssemblyErrors (0ms)
				InitializePlatformSupportModulesInManaged (70ms)
				SetLoadedEditorAssemblies (1ms)
				RefreshPlugins (1ms)
				BeforeProcessingInitializeOnLoad (129ms)
				ProcessInitializeOnLoadAttributes (443ms)
				ProcessInitializeOnLoadMethodAttributes (58ms)
				AfterProcessingInitializeOnLoad (8ms)
				EditorAssembliesLoaded (0ms)
			ExecutionOrderSort2 (0ms)
			AwakeInstancesAfterBackupRestoration (17ms)
Platform modules already initialized, skipping
Refreshing native plugins compatible for Editor in 3.53 ms, found 3 plugins.
Preloading 0 native plugins for Editor in 0.00 ms.
Unloading 3361 Unused Serialized files (Serialized files now loaded: 0)
Unloading 15 unused Assets / (52.0 KB). Loaded Objects now: 3927.
Memory consumption went from 144.4 MB to 144.4 MB.
Total: 6.329100 ms (FindLiveObjects: 0.462300 ms CreateObjectMapping: 0.301700 ms MarkObjects: 5.419900 ms  DeleteObjects: 0.143000 ms)

AssetImportParameters requested are different than current active one (requested -> active):
  custom:video-decoder-ogg-theora: a1e56fd34408186e4bbccfd4996cb3dc -> 
  custom:container-muxer-webm: aa71ff27fc2769a1b78a27578f13a17b -> 
  custom:container-demuxer-webm: 4f35f7cbe854078d1ac9338744f61a02 -> 
  custom:video-encoder-webm-vp8: eb34c28f22e8b96e1ab97ce403110664 -> 
  custom:audio-encoder-webm-vorbis: bf7c407c2cedff20999df2af8eb42d56 -> 
  custom:framework-win-MediaFoundation: 216162199b28c13a410421893ffa2e32 -> 
  custom:container-demuxer-ogg: 62fdf1f143b41e24485cea50d1cbac27 -> 
  custom:video-decoder-webm-vp8: 9c59270c3fd7afecdb556c50c9e8de78 -> 
  custom:audio-decoder-ogg-vorbis: bf7c407c2cedff20999df2af8eb42d56 -> 
========================================================================
Received Import Request.
  Time since last request: 362.587328 seconds.
  path: Assets/Resources/Mesh/Units/Characters/ArthasRat/ArthasRat.controller
  artifactKey: Guid(5d831f0cbeed13a4aa7d0969a20c916b) Importer(815301076,1909f56bfc062723c751e8b465ee728b)
Start importing Assets/Resources/Mesh/Units/Characters/ArthasRat/ArthasRat.controller using Guid(5d831f0cbeed13a4aa7d0969a20c916b) Importer(815301076,1909f56bfc062723c751e8b465ee728b)  -> (artifact id: 'edc5933d1b28d1da3180d15e5504f340') in 0.022889 seconds 
========================================================================
Received Import Request.
  Time since last request: 9.538566 seconds.
  path: Assets/Resources/Mesh/Units/Characters/ArthasRat/ArthasRat.overrideController
  artifactKey: Guid(d834c89c80912f64b9202dad761252de) Importer(815301076,1909f56bfc062723c751e8b465ee728b)
Start importing Assets/Resources/Mesh/Units/Characters/ArthasRat/ArthasRat.overrideController using Guid(d834c89c80912f64b9202dad761252de) Importer(815301076,1909f56bfc062723c751e8b465ee728b)  -> (artifact id: '42e90950143ea6c39251a7d367c7333a') in 0.007787 seconds 
========================================================================
Received Import Request.
  Time since last request: 216.472298 seconds.
  path: Assets/Resources/Mesh/Units/Characters/ArthasRat/ArthasRatRun.anim
  artifactKey: Guid(54febeab857529e48bd822ec053c194c) Importer(815301076,1909f56bfc062723c751e8b465ee728b)
Start importing Assets/Resources/Mesh/Units/Characters/ArthasRat/ArthasRatRun.anim using Guid(54febeab857529e48bd822ec053c194c) Importer(815301076,1909f56bfc062723c751e8b465ee728b)  -> (artifact id: 'e4c0eb230f1de0fe915fc38f7ac98bc4') in 0.004895 seconds 
========================================================================
Received Import Request.
  Time since last request: 22.211857 seconds.
  path: Assets/Resources/Mesh/Units/Characters/ArthasRat/MenuSkin.controller
  artifactKey: Guid(88fbd607e93cc7c42b70b717f289e066) Importer(815301076,1909f56bfc062723c751e8b465ee728b)
Start importing Assets/Resources/Mesh/Units/Characters/ArthasRat/MenuSkin.controller using Guid(88fbd607e93cc7c42b70b717f289e066) Importer(815301076,1909f56bfc062723c751e8b465ee728b)  -> (artifact id: '9a9fc2d614a82cf41f59724b0867ff09') in 0.006020 seconds 
========================================================================
Received Import Request.
  Time since last request: 4.333152 seconds.
  path: Assets/Resources/Mesh/Units/Characters/ArthasRat/ArthasRat.controller
  artifactKey: Guid(5d831f0cbeed13a4aa7d0969a20c916b) Importer(815301076,1909f56bfc062723c751e8b465ee728b)
Start importing Assets/Resources/Mesh/Units/Characters/ArthasRat/ArthasRat.controller using Guid(5d831f0cbeed13a4aa7d0969a20c916b) Importer(815301076,1909f56bfc062723c751e8b465ee728b)  -> (artifact id: 'f348630980b1ab15871c12844668bb89') in 0.004160 seconds 
========================================================================
Received Import Request.
  Time since last request: 15.590280 seconds.
  path: Assets/Resources/Mesh/Units/Characters/ArthasRat/ArthasRat.overrideController
  artifactKey: Guid(d834c89c80912f64b9202dad761252de) Importer(815301076,1909f56bfc062723c751e8b465ee728b)
Start importing Assets/Resources/Mesh/Units/Characters/ArthasRat/ArthasRat.overrideController using Guid(d834c89c80912f64b9202dad761252de) Importer(815301076,1909f56bfc062723c751e8b465ee728b)  -> (artifact id: '936bd0c9d1f15886861746657461d4ec') in 0.002677 seconds 
========================================================================
Received Import Request.
  Time since last request: 7.609993 seconds.
  path: Assets/Resources/Mesh/Units/Characters/ArthasRat/ArthasRat.overrideController
  artifactKey: Guid(d834c89c80912f64b9202dad761252de) Importer(815301076,1909f56bfc062723c751e8b465ee728b)
Start importing Assets/Resources/Mesh/Units/Characters/ArthasRat/ArthasRat.overrideController using Guid(d834c89c80912f64b9202dad761252de) Importer(815301076,1909f56bfc062723c751e8b465ee728b)  -> (artifact id: '8f786ab7d4aacfe7e7c1abe9dcfa2289') in 0.002516 seconds 
========================================================================
Received Prepare
Registering precompiled user dll's ...
Registered in 0.012747 seconds.
Begin MonoManager ReloadAssembly
Symbol file LoadedFromMemory doesn't match image D:\UnityPortfolio\Rat_Hero Repository\RatHero\Rat Hero\Library\PackageCache\com.unity.visualscripting@1.7.6\Editor\VisualScripting.Core\Dependencies\YamlDotNet\Unity.VisualScripting.YamlDotNet.dll
Symbol file LoadedFromMemory is not a mono symbol file
Symbol file LoadedFromMemory doesn't match image D:\UnityPortfolio\Rat_Hero Repository\RatHero\Rat Hero\Library\PackageCache\com.unity.visualscripting@1.7.6\Editor\VisualScripting.Core\Dependencies\DotNetZip\Unity.VisualScripting.IonicZip.dll
Native extension for UWP target not found
Native extension for WindowsStandalone target not found
Native extension for iOS target not found
Native extension for Android target not found
Native extension for WebGL target not found
Refreshing native plugins compatible for Editor in 1.92 ms, found 3 plugins.
Preloading 0 native plugins for Editor in 0.00 ms.
Mono: successfully reloaded assembly
- Completed reload, in  2.676 seconds
Domain Reload Profiling:
	ReloadAssembly (2678ms)
		BeginReloadAssembly (306ms)
			ExecutionOrderSort (0ms)
			DisableScriptedObjects (20ms)
			BackupInstance (0ms)
			ReleaseScriptingObjects (0ms)
			CreateAndSetChildDomain (79ms)
		EndReloadAssembly (2127ms)
			LoadAssemblies (208ms)
			RebuildTransferFunctionScriptingTraits (0ms)
			SetupTypeCache (707ms)
			ReleaseScriptCaches (2ms)
			RebuildScriptCaches (97ms)
			SetupLoadedEditorAssemblies (1006ms)
				LogAssemblyErrors (0ms)
				InitializePlatformSupportModulesInManaged (91ms)
				SetLoadedEditorAssemblies (2ms)
				RefreshPlugins (2ms)
				BeforeProcessingInitializeOnLoad (187ms)
				ProcessInitializeOnLoadAttributes (646ms)
				ProcessInitializeOnLoadMethodAttributes (68ms)
				AfterProcessingInitializeOnLoad (11ms)
				EditorAssembliesLoaded (0ms)
			ExecutionOrderSort2 (0ms)
			AwakeInstancesAfterBackupRestoration (24ms)
Platform modules already initialized, skipping
Refreshing native plugins compatible for Editor in 3.16 ms, found 3 plugins.
Preloading 0 native plugins for Editor in 0.00 ms.
Unloading 3361 Unused Serialized files (Serialized files now loaded: 0)
Unloading 15 unused Assets / (52.0 KB). Loaded Objects now: 3930.
Memory consumption went from 144.5 MB to 144.4 MB.
Total: 5.676800 ms (FindLiveObjects: 0.471500 ms CreateObjectMapping: 0.306400 ms MarkObjects: 4.751600 ms  DeleteObjects: 0.145300 ms)

AssetImportParameters requested are different than current active one (requested -> active):
  custom:video-decoder-ogg-theora: a1e56fd34408186e4bbccfd4996cb3dc -> 
  custom:container-muxer-webm: aa71ff27fc2769a1b78a27578f13a17b -> 
  custom:container-demuxer-webm: 4f35f7cbe854078d1ac9338744f61a02 -> 
  custom:video-encoder-webm-vp8: eb34c28f22e8b96e1ab97ce403110664 -> 
  custom:audio-encoder-webm-vorbis: bf7c407c2cedff20999df2af8eb42d56 -> 
  custom:framework-win-MediaFoundation: 216162199b28c13a410421893ffa2e32 -> 
  custom:container-demuxer-ogg: 62fdf1f143b41e24485cea50d1cbac27 -> 
  custom:video-decoder-webm-vp8: 9c59270c3fd7afecdb556c50c9e8de78 -> 
  custom:audio-decoder-ogg-vorbis: bf7c407c2cedff20999df2af8eb42d56 -> 
========================================================================
Received Import Request.
  Time since last request: 20.852582 seconds.
  path: Assets/Resources/Mesh/Units/Characters/ArthasRat/ArthasRat.controller
  artifactKey: Guid(5d831f0cbeed13a4aa7d0969a20c916b) Importer(815301076,1909f56bfc062723c751e8b465ee728b)
Start importing Assets/Resources/Mesh/Units/Characters/ArthasRat/ArthasRat.controller using Guid(5d831f0cbeed13a4aa7d0969a20c916b) Importer(815301076,1909f56bfc062723c751e8b465ee728b)  -> (artifact id: '16cd685bd673ccd2e22620d66bed5924') in 0.030674 seconds 
========================================================================
Received Prepare
Registering precompiled user dll's ...
Registered in 0.008500 seconds.
Begin MonoManager ReloadAssembly
Symbol file LoadedFromMemory doesn't match image D:\UnityPortfolio\Rat_Hero Repository\RatHero\Rat Hero\Library\PackageCache\com.unity.visualscripting@1.7.6\Editor\VisualScripting.Core\Dependencies\YamlDotNet\Unity.VisualScripting.YamlDotNet.dll
Symbol file LoadedFromMemory is not a mono symbol file
Symbol file LoadedFromMemory doesn't match image D:\UnityPortfolio\Rat_Hero Repository\RatHero\Rat Hero\Library\PackageCache\com.unity.visualscripting@1.7.6\Editor\VisualScripting.Core\Dependencies\DotNetZip\Unity.VisualScripting.IonicZip.dll
Native extension for UWP target not found
Native extension for WindowsStandalone target not found
Native extension for iOS target not found
Native extension for Android target not found
Native extension for WebGL target not found
Refreshing native plugins compatible for Editor in 1.43 ms, found 3 plugins.
Preloading 0 native plugins for Editor in 0.00 ms.
Mono: successfully reloaded assembly
- Completed reload, in  2.711 seconds
Domain Reload Profiling:
	ReloadAssembly (2713ms)
		BeginReloadAssembly (322ms)
			ExecutionOrderSort (0ms)
			DisableScriptedObjects (13ms)
			BackupInstance (0ms)
			ReleaseScriptingObjects (0ms)
			CreateAndSetChildDomain (78ms)
		EndReloadAssembly (2156ms)
			LoadAssemblies (239ms)
			RebuildTransferFunctionScriptingTraits (0ms)
			SetupTypeCache (699ms)
			ReleaseScriptCaches (3ms)
			RebuildScriptCaches (111ms)
			SetupLoadedEditorAssemblies (983ms)
				LogAssemblyErrors (0ms)
				InitializePlatformSupportModulesInManaged (106ms)
				SetLoadedEditorAssemblies (2ms)
				RefreshPlugins (2ms)
				BeforeProcessingInitializeOnLoad (164ms)
				ProcessInitializeOnLoadAttributes (625ms)
				ProcessInitializeOnLoadMethodAttributes (75ms)
				AfterProcessingInitializeOnLoad (10ms)
				EditorAssembliesLoaded (0ms)
			ExecutionOrderSort2 (0ms)
			AwakeInstancesAfterBackupRestoration (24ms)
Platform modules already initialized, skipping
Refreshing native plugins compatible for Editor in 6.17 ms, found 3 plugins.
Preloading 0 native plugins for Editor in 0.00 ms.
Unloading 3361 Unused Serialized files (Serialized files now loaded: 0)
Unloading 15 unused Assets / (52.0 KB). Loaded Objects now: 3933.
Memory consumption went from 144.4 MB to 144.3 MB.
Total: 7.683100 ms (FindLiveObjects: 1.030500 ms CreateObjectMapping: 0.548700 ms MarkObjects: 5.922100 ms  DeleteObjects: 0.176400 ms)

AssetImportParameters requested are different than current active one (requested -> active):
  custom:video-decoder-ogg-theora: a1e56fd34408186e4bbccfd4996cb3dc -> 
  custom:container-muxer-webm: aa71ff27fc2769a1b78a27578f13a17b -> 
  custom:container-demuxer-webm: 4f35f7cbe854078d1ac9338744f61a02 -> 
  custom:video-encoder-webm-vp8: eb34c28f22e8b96e1ab97ce403110664 -> 
  custom:audio-encoder-webm-vorbis: bf7c407c2cedff20999df2af8eb42d56 -> 
  custom:framework-win-MediaFoundation: 216162199b28c13a410421893ffa2e32 -> 
  custom:container-demuxer-ogg: 62fdf1f143b41e24485cea50d1cbac27 -> 
  custom:video-decoder-webm-vp8: 9c59270c3fd7afecdb556c50c9e8de78 -> 
  custom:audio-decoder-ogg-vorbis: bf7c407c2cedff20999df2af8eb42d56 -> 
